<?xml version="1.0" encoding="UTF-8"?>
<!-- Generated by org.testng.reporters.JUnitReportReporter -->
<testsuite skipped="0" hostname="Muneebs-MacBook-Pro.local" name="homepage.NameOfTitle" tests="1" failures="0" timestamp="2021-03-31T17:07:18 EDT" time="15.598" errors="0">
  <testcase name="getTitle" time="15.598" classname="homepage.NameOfTitle"/>
  <system-out/>
</testsuite> <!-- homepage.NameOfTitle -->
