<?xml version="1.0" encoding="UTF-8"?>
<!-- Generated by org.testng.reporters.JUnitReportReporter -->
<testsuite skipped="0" hostname="Muneebs-MacBook-Pro.local" name="landingpage.TestTwo" tests="1" failures="0" timestamp="2021-03-31T17:06:17 EDT" time="3.635" errors="0">
  <testcase name="testTwo" time="3.635" classname="landingpage.TestTwo"/>
  <system-out/>
</testsuite> <!-- landingpage.TestTwo -->
