<?xml version="1.0" encoding="UTF-8"?>
<!-- Generated by org.testng.reporters.JUnitReportReporter -->
<testsuite skipped="0" hostname="Muneebs-MacBook-Pro.local" name="landingpage.TestOne" tests="1" failures="0" timestamp="2021-03-31T17:06:22 EDT" time="14.655" errors="0">
  <testcase name="testOne" time="14.655" classname="landingpage.TestOne"/>
  <system-out/>
</testsuite> <!-- landingpage.TestOne -->
