<?xml version="1.0" encoding="UTF-8"?>
<!-- Generated by org.testng.reporters.JUnitReportReporter -->
<testsuite skipped="0" hostname="Muneebs-MacBook-Pro.local" name="landingpage.TestThree" tests="1" failures="0" timestamp="2021-03-31T17:06:12 EDT" time="11.169" errors="0">
  <testcase name="testThree" time="11.169" classname="landingpage.TestThree"/>
  <system-out/>
</testsuite> <!-- landingpage.TestThree -->
