<?xml version="1.0" encoding="UTF-8"?>
<!-- Generated by org.testng.reporters.JUnitReportReporter -->
<testsuite skipped="0" hostname="Muneebs-MacBook-Pro.local" name="homepage.MainPage" tests="1" failures="0" timestamp="2021-03-31T17:06:51 EDT" time="7.843" errors="0">
  <testcase name="title" time="7.843" classname="homepage.MainPage"/>
  <system-out/>
</testsuite> <!-- homepage.MainPage -->
