<?xml version="1.0" encoding="UTF-8"?>
<!-- Generated by org.testng.reporters.JUnitReportReporter -->
<testsuite skipped="0" hostname="Muneebs-MacBook-Pro.local" name="homepage.EmpireState" tests="1" failures="0" timestamp="2021-03-31T17:06:46 EDT" time="5.007" errors="0">
  <testcase name="empireState" time="5.007" classname="homepage.EmpireState"/>
  <system-out/>
</testsuite> <!-- homepage.EmpireState -->
